<?xml version="1.0" encoding="UTF-8"?>
<!-- Generated by org.testng.reporters.JUnitReportReporter -->
<testsuite hostname="SUYCOKHWLAP300" failures="0" tests="1" name="Runner.runner" time="70.690" errors="0" timestamp="2024-05-15T19:27:25 IST" skipped="0">
  <testcase classname="Runner.runner" name="runScenario" time="70.690"/>
</testsuite> <!-- Runner.runner -->
