<?xml version="1.0" encoding="UTF-8"?>
<!-- Generated by org.testng.reporters.JUnitReportReporter -->
<<<<<<< HEAD
<testsuite hostname="DESKTOP-EH97OHI" failures="0" tests="1" name="Runner.runner" time="0.000" errors="0" timestamp="2024-05-15T00:21:29 IST" skipped="1">
=======
<testsuite hostname="SUYCOKHWLAP300" failures="0" tests="1" name="Runner.runner" time="0.000" errors="0" timestamp="2024-05-14T22:29:46 IST" skipped="1">
>>>>>>> 4b9f8284b4c8de7faca4f68ae975951d1464cdf2
  <testcase classname="Runner.runner" name="runScenario" time="0.000">
    <skipped/>
  </testcase> <!-- runScenario -->
</testsuite> <!-- Runner.runner -->
